Arguments: 
  /home/trainrex/.nvm/versions/node/v12.19.0/bin/node /usr/share/yarn/bin/yarn.js install

PATH: 
  /home/trainrex/.cargo/bin:/home/trainrex/.nvm/versions/node/v12.19.0/bin:/home/trainrex/.yarn/bin:/home/trainrex/.rvm/gems/ruby-2.5.8/bin:/home/trainrex/.rvm/gems/ruby-2.5.8@global/bin:/home/trainrex/.rvm/rubies/ruby-2.5.8/bin:/home/trainrex/.pyenv/plugins/pyenv-virtualenv/shims:/home/trainrex/.pyenv/shims:/home/trainrex/.pyenv/bin:/usr/local/sbin:/usr/local/bin:/usr/sbin:/usr/bin:/sbin:/bin:/usr/games:/usr/local/games:/mnt/d/Program Files/Cmndr/vendor/conemu-maximus5/ConEmu/Scripts:/mnt/d/Program Files/Cmndr/vendor/conemu-maximus5:/mnt/d/Program Files/Cmndr/vendor/conemu-maximus5/ConEmu:/mnt/c/Program Files/NVIDIA GPU Computing Toolkit/CUDA/v10.2/bin:/mnt/c/Program Files/NVIDIA GPU Computing Toolkit/CUDA/v10.2/libnvvp:/mnt/c/Program Files (x86)/Common Files/Oracle/Java/javapath:/mnt/c/Windows/system32:/mnt/c/Windows:/mnt/c/Windows/System32/Wbem:/mnt/c/Windows/System32/WindowsPowerShell/v1.0/:/mnt/c/Windows/System32/OpenSSH/:/mnt/c/Program Files/Git/cmd:/mnt/c/Program Files/PuTTY/:/mnt/c/Program Files/Microsoft VS Code/bin:/mnt/c/Python37/Scripts:/mnt/c/WINDOWS/system32:/mnt/c/WINDOWS:/mnt/c/WINDOWS/System32/Wbem:/mnt/c/WINDOWS/System32/WindowsPowerShell/v1.0/:/mnt/c/WINDOWS/System32/OpenSSH/:/mnt/c/Program Files (x86)/NVIDIA Corporation/PhysX/Common:/mnt/c/Program Files/NVIDIA Corporation/NVIDIA NvDLISR:/mnt/c/Program Files/NVIDIA Corporation/Nsight Compute 2019.5.0/:/mnt/c/Program Files (x86)/Calibre2/:/mnt/c/Users/Tanner Stephens/AppData/Local/Programs/AdoptOpenJDK/bin:/mnt/c/Users/Tanner Stephens/AppData/Local/Microsoft/WindowsApps:/mnt/c/Program Files/Microsoft VS Code/bin:/mnt/c/Program Files (x86)/Nmap:/mnt/d/Program Files/platform-tools:/mnt/c/Python37/Scripts:/mnt/c/Program Files (x86)/GnuWin32/bin:/mnt/c/php:/mnt/c/Users/Tanner Stephens/AppData/Local/Programs/Microsoft VS Code/bin:/snap/bin:/home/trainrex/.rvm/bin

Yarn version: 
  1.22.5

Node version: 
  12.19.0

Platform: 
  linux x64

Trace: 
  Error: ENOENT: no such file or directory, scandir '/home/trainrex/projects/AOC-2020-Ramda/node_modules/@babel'

npm manifest: 
  {
    "name": "yarnTemplate",
    "version": "1.0.0",
    "main": "index.js",
    "license": "MIT",
    "devDependencies": {},
    "dependencies": {},
    "scripts": {
      "start": "node ./src/index.js"
    }
  }

yarn manifest: 
  No manifest

Lockfile: 
  # THIS IS AN AUTOGENERATED FILE. DO NOT EDIT THIS FILE DIRECTLY.
  # yarn lockfile v1
